<?xml version="1.0" encoding="UTF-8"?>
<robot generator="Robot 3.2.2 (Python 3.9.0 on win32)" generated="20201218 11:17:11.809" rpa="false">
<suite id="s1" name="Fornecedor" source="C:\des\accenture\prova\testes-web\tests\ST02_Compras\ST0201_Fornecedor\Fornecedor.robot">
<test id="s1-t1" name="Cenário 01: Novo Fornecedor">
<kw name="Dado que eu acesso a pagina de cadastro" library="FornecedorActions">
<arguments>
<arg>TC01_cadastro.json</arg>
</arguments>
<kw name="Carregando arquivo de dados" library="BasePage">
<arguments>
<arg>cadastro/${json_string}</arg>
</arguments>
<kw name="Retorna arquivo em Json" library="helpers">
<doc>Função responsável por transformar uma string json em um objeto.</doc>
<arguments>
<arg>${json_file}</arg>
</arguments>
<assign>
<var>${acao_json}</var>
</assign>
<kw name="Get File" library="OperatingSystem">
<doc>Returns the contents of a specified file.</doc>
<arguments>
<arg>${EXECDIR}/resources/fixtures/${json_file}</arg>
</arguments>
<assign>
<var>${string_file}</var>
</assign>
<msg timestamp="20201218 11:17:12.055" level="INFO" html="yes">Getting file '&lt;a href="file://C:\des\accenture\prova\testes-web\resources\fixtures\cadastro\TC01_cadastro.json"&gt;C:\des\accenture\prova\testes-web\resources\fixtures\cadastro\TC01_cadastro.json&lt;/a&gt;'.</msg>
<msg timestamp="20201218 11:17:12.055" level="INFO">${string_file} = {
    "TIPOINCORPPATNOME":"TESTE_AUTOMACAO_ANTES",
    "TIPOINCORPPATTIPO":"1",
    "TIPOINCORPPATCLASSIFIC":"2",
    "TIPOINCORPPATCODTCE":"10",
    "TIPOINCORPPATFLGATIVO":"true"
    

}</msg>
<status status="PASS" starttime="20201218 11:17:12.055" endtime="20201218 11:17:12.055"></status>
</kw>
<kw name="Evaluate" library="BuiltIn">
<doc>Evaluates the given expression in Python and returns the result.</doc>
<arguments>
<arg>json.loads($string_file)</arg>
<arg>json</arg>
</arguments>
<assign>
<var>${jsob_object}</var>
</assign>
<msg timestamp="20201218 11:17:12.059" level="INFO">${jsob_object} = {'TIPOINCORPPATNOME': 'TESTE_AUTOMACAO_ANTES', 'TIPOINCORPPATTIPO': '1', 'TIPOINCORPPATCLASSIFIC': '2', 'TIPOINCORPPATCODTCE': '10', 'TIPOINCORPPATFLGATIVO': 'true'}</msg>
<status status="PASS" starttime="20201218 11:17:12.055" endtime="20201218 11:17:12.059"></status>
</kw>
<msg timestamp="20201218 11:17:12.059" level="INFO">${acao_json} = {'TIPOINCORPPATNOME': 'TESTE_AUTOMACAO_ANTES', 'TIPOINCORPPATTIPO': '1', 'TIPOINCORPPATCLASSIFIC': '2', 'TIPOINCORPPATCODTCE': '10', 'TIPOINCORPPATFLGATIVO': 'true'}</msg>
<status status="PASS" starttime="20201218 11:17:12.054" endtime="20201218 11:17:12.059"></status>
</kw>
<kw name="Set Test Variable" library="BuiltIn">
<doc>Makes a variable available everywhere within the scope of the current test.</doc>
<arguments>
<arg>${acao_json}</arg>
</arguments>
<msg timestamp="20201218 11:17:12.060" level="INFO">${acao_json} = {'TIPOINCORPPATNOME': 'TESTE_AUTOMACAO_ANTES', 'TIPOINCORPPATTIPO': '1', 'TIPOINCORPPATCLASSIFIC': '2', 'TIPOINCORPPATCODTCE': '10', 'TIPOINCORPPATFLGATIVO': 'true'}</msg>
<status status="PASS" starttime="20201218 11:17:12.059" endtime="20201218 11:17:12.060"></status>
</kw>
<kw name="Sleep" library="BuiltIn">
<doc>Pauses the test executed for the given time.</doc>
<arguments>
<arg>0.5s</arg>
</arguments>
<msg timestamp="20201218 11:17:12.562" level="INFO">Slept 500 milliseconds</msg>
<status status="PASS" starttime="20201218 11:17:12.060" endtime="20201218 11:17:12.562"></status>
</kw>
<status status="PASS" starttime="20201218 11:17:12.054" endtime="20201218 11:17:12.563"></status>
</kw>
<kw name="Ir até a página &quot;http://sampleapp.tricentis.com/101/app.php&quot;" library="helpers">
<doc>Função utilizada para redirecionar para outra página do sistema</doc>
<kw name="Go To" library="SeleniumLibrary">
<doc>Navigates the current browser window to the provided ``url``.</doc>
<arguments>
<arg>${BASE_URL}/servlet/${PAGINA}</arg>
</arguments>
<msg timestamp="20201218 11:17:12.564" level="FAIL">Variable '${BASE_URL}' not found.</msg>
<status status="FAIL" starttime="20201218 11:17:12.563" endtime="20201218 11:17:12.564"></status>
</kw>
<status status="FAIL" starttime="20201218 11:17:12.563" endtime="20201218 11:17:12.564"></status>
</kw>
<status status="FAIL" starttime="20201218 11:17:12.053" endtime="20201218 11:17:12.564"></status>
</kw>
<kw name="Finalizando Teste" library="BasePage" type="teardown">
<kw name="Capture Page Screenshot" library="SeleniumLibrary">
<doc>Takes a screenshot of the current page and embeds it into a log file.</doc>
<msg timestamp="20201218 11:17:12.566" level="INFO">Cannot capture screenshot because no browser is open.</msg>
<status status="PASS" starttime="20201218 11:17:12.566" endtime="20201218 11:17:12.566"></status>
</kw>
<status status="PASS" starttime="20201218 11:17:12.565" endtime="20201218 11:17:12.566"></status>
</kw>
<tags>
<tag>smoke</tag>
</tags>
<status status="FAIL" starttime="20201218 11:17:12.052" endtime="20201218 11:17:12.566" critical="yes">Variable '${BASE_URL}' not found.</status>
</test>
<kw name="Close Session" library="BasePage" type="teardown">
<kw name="Run Keyword If" library="BuiltIn">
<doc>Runs the given keyword with the given arguments, if ``condition`` is true.</doc>
<arguments>
<arg>"${LOGGED}" == "logado"</arg>
<arg>Log to console</arg>
<arg>nÃO FECHA</arg>
<arg>ELSE</arg>
<arg>Close Browser</arg>
</arguments>
<kw name="Close Browser" library="SeleniumLibrary">
<doc>Closes the current browser.</doc>
<status status="PASS" starttime="20201218 11:17:12.569" endtime="20201218 11:17:12.570"></status>
</kw>
<status status="PASS" starttime="20201218 11:17:12.569" endtime="20201218 11:17:12.570"></status>
</kw>
<status status="PASS" starttime="20201218 11:17:12.569" endtime="20201218 11:17:12.570"></status>
</kw>
<doc>Fornecedores
Objeto: app.compras.wmfornecedor</doc>
<status status="FAIL" starttime="20201218 11:17:11.811" endtime="20201218 11:17:12.570"></status>
</suite>
<statistics>
<total>
<stat pass="0" fail="1">Critical Tests</stat>
<stat pass="0" fail="1">All Tests</stat>
</total>
<tag>
<stat pass="0" fail="1">smoke</stat>
</tag>
<suite>
<stat pass="0" fail="1" id="s1" name="Fornecedor">Fornecedor</stat>
</suite>
</statistics>
<errors>
<msg timestamp="20201218 11:17:12.022" level="ERROR">Error in file 'C:\des\accenture\prova\testes-web\resources\pages\BasePage.robot' on line 10: Importing test library 'DatabaseLibrary' failed: ModuleNotFoundError: No module named 'DatabaseLibrary'
Traceback (most recent call last):
  None
PYTHONPATH:
  C:\Python39\Scripts\robot.exe
  c:\python39\python39.zip
  c:\python39\DLLs
  c:\python39\lib
  c:\python39
  c:\python39\lib\site-packages</msg>
<msg timestamp="20201218 11:17:12.026" level="ERROR">Error in file 'C:\des\accenture\prova\testes-web\resources\pages\BasePage.robot' on line 12: Importing test library 'ScreenCapLibrary' failed: ModuleNotFoundError: No module named 'ScreenCapLibrary'
Traceback (most recent call last):
  None
PYTHONPATH:
  C:\Python39\Scripts\robot.exe
  c:\python39\python39.zip
  c:\python39\DLLs
  c:\python39\lib
  c:\python39
  c:\python39\lib\site-packages</msg>
<msg timestamp="20201218 11:17:12.048" level="ERROR">Error in file 'C:\des\accenture\prova\testes-web\resources\pages\BasePage.robot' on line 15: Setting variable '${LOGIN URL}' failed: Variable '${BASE_URL}' not found.</msg>
</errors>
</robot>
